[23-May-2023 09:36:23] NOTICE: fpm is running, pid 87319
[23-May-2023 09:36:23] NOTICE: ready to handle connections
[12-Jun-2023 09:36:02] NOTICE: fpm is running, pid 89672
[12-Jun-2023 09:36:02] NOTICE: ready to handle connections
[14-Jun-2023 17:12:43] NOTICE: Terminating ...
[14-Jun-2023 17:12:43] NOTICE: Terminating ...
[14-Jun-2023 17:12:43] NOTICE: exiting, bye-bye!
[21-Jun-2023 14:03:01] NOTICE: fpm is running, pid 37914
[21-Jun-2023 14:03:01] NOTICE: ready to handle connections
[05-Jul-2023 14:50:25] NOTICE: Terminating ...
[05-Jul-2023 14:50:25] NOTICE: Terminating ...
[05-Jul-2023 14:50:25] NOTICE: exiting, bye-bye!
[17-Jul-2023 09:39:05] NOTICE: fpm is running, pid 41626
[17-Jul-2023 09:39:05] NOTICE: ready to handle connections
[20-Jul-2023 10:49:02] NOTICE: fpm is running, pid 41195
[20-Jul-2023 10:49:02] NOTICE: ready to handle connections
[20-Jul-2023 10:50:53] NOTICE: Terminating ...
[20-Jul-2023 10:50:53] NOTICE: Terminating ...
[20-Jul-2023 10:50:53] NOTICE: exiting, bye-bye!
[20-Jul-2023 11:00:52] NOTICE: fpm is running, pid 42294
[20-Jul-2023 11:00:52] NOTICE: ready to handle connections
[20-Jul-2023 11:03:16] NOTICE: Terminating ...
[20-Jul-2023 11:03:16] NOTICE: Terminating ...
[20-Jul-2023 11:03:16] NOTICE: exiting, bye-bye!
[20-Jul-2023 11:03:57] NOTICE: fpm is running, pid 42623
[20-Jul-2023 11:03:57] NOTICE: ready to handle connections
